<?xml version="1.0" encoding="UTF-8" ?>
<testsuites>
<testsuite name="Frisby Test:  Post a new candidate with phone number less than 10 digits " errors="0" tests="1" failures="0" time="0.211" timestamp="2016-08-10T00:04:50">
  <testcase classname="Frisby Test:  Post a new candidate with phone number less than 10 digits " name="
	[ POST https://shielded-river-86069.herokuapp.com/contacts/ ]" time="0.21"></testcase>
</testsuite>
</testsuites>